{"content": {"suites": {"0": {"status": {"total_pass": 0, "total_skip": 0, "total_xpass": 0, "total_xfail": 0, "total_rerun": 0, "total_fail": 3, "total_error": 0}, "tests": {"0": {"status": "FAIL", "message": "   selenium.common.exceptions.NoSuchElementException: Message: no such element: Unable to locate element: {\"method\":\"xpath\",\"selector\":\"//h3[text()='Feature Announcement']/following-sibling::mat-chip-list/div/mat-chip\"}\n     (Session info: chrome=118.0.5993.70); For documentation on this error, please visit: https://www.selenium.dev/documentation/webdriver/troubleshooting/errors#no-such-element-exception\n   Stacktrace:\n   #0 0x5568ac444fb3 <unknown>\n   #1 0x5568ac1184a7 <unknown>\n   #2 0x5568ac15fdd6 <unknown>\n   #3 0x5568ac15fec1 <unknown>\n   #4 0x5568ac19d354 <unknown>\n   #5 0x5568ac18196d <unknown>\n   #6 0x5568ac19ac02 <unknown>\n   #7 0x5568ac181713 <unknown>\n   #8 0x5568ac15418b <unknown>\n   #9 0x5568ac154f7e <unknown>\n   #10 0x5568ac40a8d8 <unknown>\n   #11 0x5568ac40e800 <unknown>\n   #12 0x5568ac418cfc <unknown>\n   #13 0x5568ac40f418 <unknown>\n   #14 0x5568ac3dc42f <unknown>\n   #15 0x5568ac4334e8 <unknown>\n   #16 0x5568ac4336b4 <unknown>\n   #17 0x5568ac444143 <unknown>\n   #18 0x7f0a80e90402 <unknown>\n", "test_name": "test_lm_regression_suite[Kynection]", "rerun": "0"}, "1": {"status": "FAIL", "message": "   selenium.common.exceptions.NoSuchElementException: Message: no such element: Unable to locate element: {\"method\":\"xpath\",\"selector\":\"(//input[@id='signInFormUsername'])[2]\"}\n     (Session info: chrome=118.0.5993.70); For documentation on this error, please visit: https://www.selenium.dev/documentation/webdriver/troubleshooting/errors#no-such-element-exception\n   Stacktrace:\n   #0 0x5568ac444fb3 <unknown>\n   #1 0x5568ac1184a7 <unknown>\n   #2 0x5568ac15fdd6 <unknown>\n   #3 0x5568ac15fec1 <unknown>\n   #4 0x5568ac19d354 <unknown>\n   #5 0x5568ac18196d <unknown>\n   #6 0x5568ac19ac02 <unknown>\n   #7 0x5568ac181713 <unknown>\n   #8 0x5568ac15418b <unknown>\n   #9 0x5568ac154f7e <unknown>\n   #10 0x5568ac40a8d8 <unknown>\n   #11 0x5568ac40e800 <unknown>\n   #12 0x5568ac418cfc <unknown>\n   #13 0x5568ac40f418 <unknown>\n   #14 0x5568ac3dc42f <unknown>\n   #15 0x5568ac4334e8 <unknown>\n   #16 0x5568ac4336b4 <unknown>\n   #17 0x5568ac444143 <unknown>\n   #18 0x7f0a80e90402 <unknown>\n", "test_name": "test_lm_regression_suite[Attrix]", "rerun": "0"}, "2": {"status": "FAIL", "message": "   selenium.common.exceptions.NoSuchElementException: Message: no such element: Unable to locate element: {\"method\":\"xpath\",\"selector\":\"(//input[@id='signInFormUsername'])[2]\"}\n     (Session info: chrome=118.0.5993.70); For documentation on this error, please visit: https://www.selenium.dev/documentation/webdriver/troubleshooting/errors#no-such-element-exception\n   Stacktrace:\n   #0 0x5568ac444fb3 <unknown>\n   #1 0x5568ac1184a7 <unknown>\n   #2 0x5568ac15fdd6 <unknown>\n   #3 0x5568ac15fec1 <unknown>\n   #4 0x5568ac19d354 <unknown>\n   #5 0x5568ac18196d <unknown>\n   #6 0x5568ac19ac02 <unknown>\n   #7 0x5568ac181713 <unknown>\n   #8 0x5568ac15418b <unknown>\n   #9 0x5568ac154f7e <unknown>\n   #10 0x5568ac40a8d8 <unknown>\n   #11 0x5568ac40e800 <unknown>\n   #12 0x5568ac418cfc <unknown>\n   #13 0x5568ac40f418 <unknown>\n   #14 0x5568ac3dc42f <unknown>\n   #15 0x5568ac4334e8 <unknown>\n   #16 0x5568ac4336b4 <unknown>\n   #17 0x5568ac444143 <unknown>\n   #18 0x7f0a80e90402 <unknown>\n", "test_name": "test_lm_regression_suite[Advtracking]", "rerun": "0"}}, "suite_name": "test_LM_RegressionSuite.py"}}}, "date": "November 05, 2023", "start_time": 1699188025.451936, "total_suite": 1, "status": "FAIL", "status_list": {"pass": "0", "fail": "3", "skip": "0", "error": "0", "xpass": "0", "xfail": "0", "rerun": "0"}, "total_tests": "3"}